0 info it worked if it ends with ok
1 verbose cli [ '/usr/local/Cellar/node/7.4.0/bin/node',
1 verbose cli   '/usr/local/bin/npm',
1 verbose cli   'version',
1 verbose cli   '0.1.22' ]
2 info using npm@4.1.1
3 info using node@v7.4.0
4 info git [ 'status', '--porcelain' ]
5 verbose stack Error: Git working directory not clean.
5 verbose stack D npm-debug.log
5 verbose stack M play/play.js
5 verbose stack M src/diff.js
5 verbose stack M src/instructions.js
5 verbose stack M src/operations.js
5 verbose stack M src/operationsArrays.js
5 verbose stack M src/operationsObjects.js
5 verbose stack M src/operationsStrings.js
5 verbose stack M tests/diff.test.js
5 verbose stack     at /usr/local/lib/node_modules/npm/lib/version.js:247:19
5 verbose stack     at /usr/local/lib/node_modules/npm/lib/utils/no-progress-while-running.js:21:8
5 verbose stack     at ChildProcess.exithandler (child_process.js:202:7)
5 verbose stack     at emitTwo (events.js:106:13)
5 verbose stack     at ChildProcess.emit (events.js:191:7)
5 verbose stack     at maybeClose (internal/child_process.js:885:16)
5 verbose stack     at Socket.<anonymous> (internal/child_process.js:334:11)
5 verbose stack     at emitOne (events.js:96:13)
5 verbose stack     at Socket.emit (events.js:188:7)
5 verbose stack     at Pipe._handle.close [as _onclose] (net.js:501:12)
6 verbose cwd /Users/trent/home/projects/Modus/libs/diffstory
7 error Darwin 16.5.0
8 error argv "/usr/local/Cellar/node/7.4.0/bin/node" "/usr/local/bin/npm" "version" "0.1.22"
9 error node v7.4.0
10 error npm  v4.1.1
11 error Git working directory not clean.
11 error D npm-debug.log
11 error M play/play.js
11 error M src/diff.js
11 error M src/instructions.js
11 error M src/operations.js
11 error M src/operationsArrays.js
11 error M src/operationsObjects.js
11 error M src/operationsStrings.js
11 error M tests/diff.test.js
12 error If you need help, you may report this error at:
12 error     <https://github.com/npm/npm/issues>
13 verbose exit [ 1, true ]
